<?xml version="1.0" encoding="UTF-8"?>
<!-- Generated by org.testng.reporters.JUnitXMLReporter -->
<testsuite ignored="0" hostname="DESKTOP-N8EPBS5" failures="0" tests="3" name="Test" time="16.836" errors="0" timestamp="2023-05-23T15:59:39 IST">
  <testcase classname="TestClassPackage1.Post_TC_2" name="execute" time="10.48"/>
  <testcase classname="TestClassPackage1.Post_TC_3" name="execute" time="3.016"/>
  <testcase classname="TestClassPackage1.Post_TC_4" name="execute" time="3.072"/>
</testsuite> <!-- Test -->
