<?xml version="1.0" encoding="UTF-8"?>
<testng-results ignored="0" total="3" passed="3" failed="0" skipped="0">
  <reporter-output>
  </reporter-output>
  <suite started-at="2023-05-23T15:59:22 IST" name="Suite" finished-at="2023-05-23T15:59:39 IST" duration-ms="16836">
    <groups>
    </groups>
    <test started-at="2023-05-23T15:59:22 IST" name="Test" finished-at="2023-05-23T15:59:39 IST" duration-ms="16836">
      <class name="TestClassPackage1.Post_TC_4">
        <test-method signature="execute()[pri:0, instance:TestClassPackage1.Post_TC_4@5454d35e]" started-at="2023-05-23T15:59:36 IST" name="execute" finished-at="2023-05-23T15:59:39 IST" duration-ms="3072" status="PASS">
          <reporter-output>
          </reporter-output>
        </test-method> <!-- execute -->
      </class> <!-- TestClassPackage1.Post_TC_4 -->
      <class name="TestClassPackage1.Post_TC_2">
        <test-method signature="execute()[pri:0, instance:TestClassPackage1.Post_TC_2@25f4878b]" started-at="2023-05-23T15:59:22 IST" name="execute" finished-at="2023-05-23T15:59:33 IST" duration-ms="10480" status="PASS">
          <reporter-output>
          </reporter-output>
        </test-method> <!-- execute -->
      </class> <!-- TestClassPackage1.Post_TC_2 -->
      <class name="TestClassPackage1.Post_TC_3">
        <test-method signature="execute()[pri:0, instance:TestClassPackage1.Post_TC_3@768fc0f2]" started-at="2023-05-23T15:59:33 IST" name="execute" finished-at="2023-05-23T15:59:36 IST" duration-ms="3016" status="PASS">
          <reporter-output>
          </reporter-output>
        </test-method> <!-- execute -->
      </class> <!-- TestClassPackage1.Post_TC_3 -->
    </test> <!-- Test -->
  </suite> <!-- Suite -->
</testng-results>
